<?xml version="1.0" encoding="UTF-8"?>
<testsuite xmlns:xsi="http://www.w3.org/2001/XMLSchema-instance" xsi:noNamespaceSchemaLocation="https://maven.apache.org/surefire/maven-surefire-plugin/xsd/surefire-test-report-3.0.xsd" version="3.0" name="br.com.sysacademia.SistemaAcademiaTest" time="9.455" tests="7" errors="0" skipped="0" failures="1">
  <properties>
    <property name="java.specification.version" value="17"/>
    <property name="sun.jnu.encoding" value="UTF-8"/>
    <property name="java.class.path" value="/home/vjr14/VSCODE/SistemaAcademia/target/test-classes:/home/vjr14/VSCODE/SistemaAcademia/target/classes:/home/vjr14/.m2/repository/org/springframework/boot/spring-boot-starter-web/3.3.0/spring-boot-starter-web-3.3.0.jar:/home/vjr14/.m2/repository/org/springframework/boot/spring-boot-starter/3.3.0/spring-boot-starter-3.3.0.jar:/home/vjr14/.m2/repository/org/springframework/boot/spring-boot/3.3.0/spring-boot-3.3.0.jar:/home/vjr14/.m2/repository/org/springframework/boot/spring-boot-autoconfigure/3.3.0/spring-boot-autoconfigure-3.3.0.jar:/home/vjr14/.m2/repository/org/springframework/boot/spring-boot-starter-logging/3.3.0/spring-boot-starter-logging-3.3.0.jar:/home/vjr14/.m2/repository/ch/qos/logback/logback-classic/1.5.6/logback-classic-1.5.6.jar:/home/vjr14/.m2/repository/ch/qos/logback/logback-core/1.5.6/logback-core-1.5.6.jar:/home/vjr14/.m2/repository/org/apache/logging/log4j/log4j-to-slf4j/2.23.1/log4j-to-slf4j-2.23.1.jar:/home/vjr14/.m2/repository/org/apache/logging/log4j/log4j-api/2.23.1/log4j-api-2.23.1.jar:/home/vjr14/.m2/repository/org/slf4j/jul-to-slf4j/2.0.13/jul-to-slf4j-2.0.13.jar:/home/vjr14/.m2/repository/jakarta/annotation/jakarta.annotation-api/2.1.1/jakarta.annotation-api-2.1.1.jar:/home/vjr14/.m2/repository/org/yaml/snakeyaml/2.2/snakeyaml-2.2.jar:/home/vjr14/.m2/repository/org/springframework/boot/spring-boot-starter-json/3.3.0/spring-boot-starter-json-3.3.0.jar:/home/vjr14/.m2/repository/com/fasterxml/jackson/core/jackson-databind/2.17.1/jackson-databind-2.17.1.jar:/home/vjr14/.m2/repository/com/fasterxml/jackson/core/jackson-annotations/2.17.1/jackson-annotations-2.17.1.jar:/home/vjr14/.m2/repository/com/fasterxml/jackson/core/jackson-core/2.17.1/jackson-core-2.17.1.jar:/home/vjr14/.m2/repository/com/fasterxml/jackson/datatype/jackson-datatype-jdk8/2.17.1/jackson-datatype-jdk8-2.17.1.jar:/home/vjr14/.m2/repository/com/fasterxml/jackson/datatype/jackson-datatype-jsr310/2.17.1/jackson-datatype-jsr310-2.17.1.jar:/home/vjr14/.m2/repository/com/fasterxml/jackson/module/jackson-module-parameter-names/2.17.1/jackson-module-parameter-names-2.17.1.jar:/home/vjr14/.m2/repository/org/springframework/boot/spring-boot-starter-tomcat/3.3.0/spring-boot-starter-tomcat-3.3.0.jar:/home/vjr14/.m2/repository/org/apache/tomcat/embed/tomcat-embed-core/10.1.24/tomcat-embed-core-10.1.24.jar:/home/vjr14/.m2/repository/org/apache/tomcat/embed/tomcat-embed-el/10.1.24/tomcat-embed-el-10.1.24.jar:/home/vjr14/.m2/repository/org/apache/tomcat/embed/tomcat-embed-websocket/10.1.24/tomcat-embed-websocket-10.1.24.jar:/home/vjr14/.m2/repository/org/springframework/spring-web/6.1.8/spring-web-6.1.8.jar:/home/vjr14/.m2/repository/org/springframework/spring-beans/6.1.8/spring-beans-6.1.8.jar:/home/vjr14/.m2/repository/io/micrometer/micrometer-observation/1.13.0/micrometer-observation-1.13.0.jar:/home/vjr14/.m2/repository/io/micrometer/micrometer-commons/1.13.0/micrometer-commons-1.13.0.jar:/home/vjr14/.m2/repository/org/springframework/spring-webmvc/6.1.8/spring-webmvc-6.1.8.jar:/home/vjr14/.m2/repository/org/springframework/spring-context/6.1.8/spring-context-6.1.8.jar:/home/vjr14/.m2/repository/org/springframework/spring-expression/6.1.8/spring-expression-6.1.8.jar:/home/vjr14/.m2/repository/org/thymeleaf/extras/thymeleaf-extras-springsecurity6/3.1.2.RELEASE/thymeleaf-extras-springsecurity6-3.1.2.RELEASE.jar:/home/vjr14/.m2/repository/org/thymeleaf/thymeleaf-spring6/3.1.2.RELEASE/thymeleaf-spring6-3.1.2.RELEASE.jar:/home/vjr14/.m2/repository/org/thymeleaf/thymeleaf/3.1.2.RELEASE/thymeleaf-3.1.2.RELEASE.jar:/home/vjr14/.m2/repository/org/attoparser/attoparser/2.0.7.RELEASE/attoparser-2.0.7.RELEASE.jar:/home/vjr14/.m2/repository/org/unbescape/unbescape/1.1.6.RELEASE/unbescape-1.1.6.RELEASE.jar:/home/vjr14/.m2/repository/org/slf4j/slf4j-api/2.0.13/slf4j-api-2.0.13.jar:/home/vjr14/.m2/repository/org/springframework/boot/spring-boot-starter-security/3.3.0/spring-boot-starter-security-3.3.0.jar:/home/vjr14/.m2/repository/org/springframework/spring-aop/6.1.8/spring-aop-6.1.8.jar:/home/vjr14/.m2/repository/org/springframework/security/spring-security-config/6.3.0/spring-security-config-6.3.0.jar:/home/vjr14/.m2/repository/org/springframework/security/spring-security-core/6.3.0/spring-security-core-6.3.0.jar:/home/vjr14/.m2/repository/org/springframework/security/spring-security-crypto/6.3.0/spring-security-crypto-6.3.0.jar:/home/vjr14/.m2/repository/org/springframework/security/spring-security-web/6.3.0/spring-security-web-6.3.0.jar:/home/vjr14/.m2/repository/org/springframework/boot/spring-boot-starter-data-jpa/3.3.0/spring-boot-starter-data-jpa-3.3.0.jar:/home/vjr14/.m2/repository/org/springframework/boot/spring-boot-starter-aop/3.3.0/spring-boot-starter-aop-3.3.0.jar:/home/vjr14/.m2/repository/org/aspectj/aspectjweaver/1.9.22/aspectjweaver-1.9.22.jar:/home/vjr14/.m2/repository/org/springframework/boot/spring-boot-starter-jdbc/3.3.0/spring-boot-starter-jdbc-3.3.0.jar:/home/vjr14/.m2/repository/com/zaxxer/HikariCP/5.1.0/HikariCP-5.1.0.jar:/home/vjr14/.m2/repository/org/springframework/spring-jdbc/6.1.8/spring-jdbc-6.1.8.jar:/home/vjr14/.m2/repository/org/hibernate/orm/hibernate-core/6.5.2.Final/hibernate-core-6.5.2.Final.jar:/home/vjr14/.m2/repository/jakarta/persistence/jakarta.persistence-api/3.1.0/jakarta.persistence-api-3.1.0.jar:/home/vjr14/.m2/repository/jakarta/transaction/jakarta.transaction-api/2.0.1/jakarta.transaction-api-2.0.1.jar:/home/vjr14/.m2/repository/org/jboss/logging/jboss-logging/3.5.3.Final/jboss-logging-3.5.3.Final.jar:/home/vjr14/.m2/repository/org/hibernate/common/hibernate-commons-annotations/6.0.6.Final/hibernate-commons-annotations-6.0.6.Final.jar:/home/vjr14/.m2/repository/io/smallrye/jandex/3.1.2/jandex-3.1.2.jar:/home/vjr14/.m2/repository/com/fasterxml/classmate/1.7.0/classmate-1.7.0.jar:/home/vjr14/.m2/repository/net/bytebuddy/byte-buddy/1.14.16/byte-buddy-1.14.16.jar:/home/vjr14/.m2/repository/org/glassfish/jaxb/jaxb-runtime/4.0.5/jaxb-runtime-4.0.5.jar:/home/vjr14/.m2/repository/org/glassfish/jaxb/jaxb-core/4.0.5/jaxb-core-4.0.5.jar:/home/vjr14/.m2/repository/org/eclipse/angus/angus-activation/2.0.2/angus-activation-2.0.2.jar:/home/vjr14/.m2/repository/org/glassfish/jaxb/txw2/4.0.5/txw2-4.0.5.jar:/home/vjr14/.m2/repository/com/sun/istack/istack-commons-runtime/4.1.2/istack-commons-runtime-4.1.2.jar:/home/vjr14/.m2/repository/jakarta/inject/jakarta.inject-api/2.0.1/jakarta.inject-api-2.0.1.jar:/home/vjr14/.m2/repository/org/antlr/antlr4-runtime/4.13.0/antlr4-runtime-4.13.0.jar:/home/vjr14/.m2/repository/org/springframework/data/spring-data-jpa/3.3.0/spring-data-jpa-3.3.0.jar:/home/vjr14/.m2/repository/org/springframework/data/spring-data-commons/3.3.0/spring-data-commons-3.3.0.jar:/home/vjr14/.m2/repository/org/springframework/spring-orm/6.1.8/spring-orm-6.1.8.jar:/home/vjr14/.m2/repository/org/springframework/spring-tx/6.1.8/spring-tx-6.1.8.jar:/home/vjr14/.m2/repository/org/springframework/spring-aspects/6.1.8/spring-aspects-6.1.8.jar:/home/vjr14/.m2/repository/org/postgresql/postgresql/42.7.3/postgresql-42.7.3.jar:/home/vjr14/.m2/repository/org/checkerframework/checker-qual/3.42.0/checker-qual-3.42.0.jar:/home/vjr14/.m2/repository/org/projectlombok/lombok/1.18.34/lombok-1.18.34.jar:/home/vjr14/.m2/repository/org/springframework/boot/spring-boot-starter-test/3.3.0/spring-boot-starter-test-3.3.0.jar:/home/vjr14/.m2/repository/org/springframework/boot/spring-boot-test/3.3.0/spring-boot-test-3.3.0.jar:/home/vjr14/.m2/repository/org/springframework/boot/spring-boot-test-autoconfigure/3.3.0/spring-boot-test-autoconfigure-3.3.0.jar:/home/vjr14/.m2/repository/com/jayway/jsonpath/json-path/2.9.0/json-path-2.9.0.jar:/home/vjr14/.m2/repository/jakarta/xml/bind/jakarta.xml.bind-api/4.0.2/jakarta.xml.bind-api-4.0.2.jar:/home/vjr14/.m2/repository/jakarta/activation/jakarta.activation-api/2.1.3/jakarta.activation-api-2.1.3.jar:/home/vjr14/.m2/repository/net/minidev/json-smart/2.5.1/json-smart-2.5.1.jar:/home/vjr14/.m2/repository/net/minidev/accessors-smart/2.5.1/accessors-smart-2.5.1.jar:/home/vjr14/.m2/repository/org/ow2/asm/asm/9.6/asm-9.6.jar:/home/vjr14/.m2/repository/org/assertj/assertj-core/3.25.3/assertj-core-3.25.3.jar:/home/vjr14/.m2/repository/org/awaitility/awaitility/4.2.1/awaitility-4.2.1.jar:/home/vjr14/.m2/repository/org/hamcrest/hamcrest/2.2/hamcrest-2.2.jar:/home/vjr14/.m2/repository/org/junit/jupiter/junit-jupiter/5.10.2/junit-jupiter-5.10.2.jar:/home/vjr14/.m2/repository/org/junit/jupiter/junit-jupiter-api/5.10.2/junit-jupiter-api-5.10.2.jar:/home/vjr14/.m2/repository/org/opentest4j/opentest4j/1.3.0/opentest4j-1.3.0.jar:/home/vjr14/.m2/repository/org/junit/platform/junit-platform-commons/1.10.2/junit-platform-commons-1.10.2.jar:/home/vjr14/.m2/repository/org/apiguardian/apiguardian-api/1.1.2/apiguardian-api-1.1.2.jar:/home/vjr14/.m2/repository/org/junit/jupiter/junit-jupiter-params/5.10.2/junit-jupiter-params-5.10.2.jar:/home/vjr14/.m2/repository/org/junit/jupiter/junit-jupiter-engine/5.10.2/junit-jupiter-engine-5.10.2.jar:/home/vjr14/.m2/repository/org/junit/platform/junit-platform-engine/1.10.2/junit-platform-engine-1.10.2.jar:/home/vjr14/.m2/repository/org/mockito/mockito-core/5.11.0/mockito-core-5.11.0.jar:/home/vjr14/.m2/repository/net/bytebuddy/byte-buddy-agent/1.14.16/byte-buddy-agent-1.14.16.jar:/home/vjr14/.m2/repository/org/objenesis/objenesis/3.3/objenesis-3.3.jar:/home/vjr14/.m2/repository/org/mockito/mockito-junit-jupiter/5.11.0/mockito-junit-jupiter-5.11.0.jar:/home/vjr14/.m2/repository/org/skyscreamer/jsonassert/1.5.1/jsonassert-1.5.1.jar:/home/vjr14/.m2/repository/com/vaadin/external/google/android-json/0.0.20131108.vaadin1/android-json-0.0.20131108.vaadin1.jar:/home/vjr14/.m2/repository/org/springframework/spring-core/6.1.8/spring-core-6.1.8.jar:/home/vjr14/.m2/repository/org/springframework/spring-jcl/6.1.8/spring-jcl-6.1.8.jar:/home/vjr14/.m2/repository/org/springframework/spring-test/6.1.8/spring-test-6.1.8.jar:/home/vjr14/.m2/repository/org/xmlunit/xmlunit-core/2.9.1/xmlunit-core-2.9.1.jar:/home/vjr14/.m2/repository/org/springframework/boot/spring-boot-starter-thymeleaf/3.3.0/spring-boot-starter-thymeleaf-3.3.0.jar:"/>
    <property name="java.vm.vendor" value="Ubuntu"/>
    <property name="sun.arch.data.model" value="64"/>
    <property name="java.vendor.url" value="https://ubuntu.com/"/>
    <property name="user.timezone" value="America/Bahia"/>
    <property name="org.jboss.logging.provider" value="slf4j"/>
    <property name="os.name" value="Linux"/>
    <property name="java.vm.specification.version" value="17"/>
    <property name="sun.java.launcher" value="SUN_STANDARD"/>
    <property name="sun.boot.library.path" value="/usr/lib/jvm/java-17-openjdk-amd64/lib"/>
    <property name="sun.java.command" value="/home/vjr14/VSCODE/SistemaAcademia/target/surefire/surefirebooter-20250915235319938_3.jar /home/vjr14/VSCODE/SistemaAcademia/target/surefire 2025-09-15T23-53-19_846-jvmRun1 surefire-20250915235319938_1tmp surefire_0-20250915235319938_2tmp"/>
    <property name="jdk.debug" value="release"/>
    <property name="surefire.test.class.path" value="/home/vjr14/VSCODE/SistemaAcademia/target/test-classes:/home/vjr14/VSCODE/SistemaAcademia/target/classes:/home/vjr14/.m2/repository/org/springframework/boot/spring-boot-starter-web/3.3.0/spring-boot-starter-web-3.3.0.jar:/home/vjr14/.m2/repository/org/springframework/boot/spring-boot-starter/3.3.0/spring-boot-starter-3.3.0.jar:/home/vjr14/.m2/repository/org/springframework/boot/spring-boot/3.3.0/spring-boot-3.3.0.jar:/home/vjr14/.m2/repository/org/springframework/boot/spring-boot-autoconfigure/3.3.0/spring-boot-autoconfigure-3.3.0.jar:/home/vjr14/.m2/repository/org/springframework/boot/spring-boot-starter-logging/3.3.0/spring-boot-starter-logging-3.3.0.jar:/home/vjr14/.m2/repository/ch/qos/logback/logback-classic/1.5.6/logback-classic-1.5.6.jar:/home/vjr14/.m2/repository/ch/qos/logback/logback-core/1.5.6/logback-core-1.5.6.jar:/home/vjr14/.m2/repository/org/apache/logging/log4j/log4j-to-slf4j/2.23.1/log4j-to-slf4j-2.23.1.jar:/home/vjr14/.m2/repository/org/apache/logging/log4j/log4j-api/2.23.1/log4j-api-2.23.1.jar:/home/vjr14/.m2/repository/org/slf4j/jul-to-slf4j/2.0.13/jul-to-slf4j-2.0.13.jar:/home/vjr14/.m2/repository/jakarta/annotation/jakarta.annotation-api/2.1.1/jakarta.annotation-api-2.1.1.jar:/home/vjr14/.m2/repository/org/yaml/snakeyaml/2.2/snakeyaml-2.2.jar:/home/vjr14/.m2/repository/org/springframework/boot/spring-boot-starter-json/3.3.0/spring-boot-starter-json-3.3.0.jar:/home/vjr14/.m2/repository/com/fasterxml/jackson/core/jackson-databind/2.17.1/jackson-databind-2.17.1.jar:/home/vjr14/.m2/repository/com/fasterxml/jackson/core/jackson-annotations/2.17.1/jackson-annotations-2.17.1.jar:/home/vjr14/.m2/repository/com/fasterxml/jackson/core/jackson-core/2.17.1/jackson-core-2.17.1.jar:/home/vjr14/.m2/repository/com/fasterxml/jackson/datatype/jackson-datatype-jdk8/2.17.1/jackson-datatype-jdk8-2.17.1.jar:/home/vjr14/.m2/repository/com/fasterxml/jackson/datatype/jackson-datatype-jsr310/2.17.1/jackson-datatype-jsr310-2.17.1.jar:/home/vjr14/.m2/repository/com/fasterxml/jackson/module/jackson-module-parameter-names/2.17.1/jackson-module-parameter-names-2.17.1.jar:/home/vjr14/.m2/repository/org/springframework/boot/spring-boot-starter-tomcat/3.3.0/spring-boot-starter-tomcat-3.3.0.jar:/home/vjr14/.m2/repository/org/apache/tomcat/embed/tomcat-embed-core/10.1.24/tomcat-embed-core-10.1.24.jar:/home/vjr14/.m2/repository/org/apache/tomcat/embed/tomcat-embed-el/10.1.24/tomcat-embed-el-10.1.24.jar:/home/vjr14/.m2/repository/org/apache/tomcat/embed/tomcat-embed-websocket/10.1.24/tomcat-embed-websocket-10.1.24.jar:/home/vjr14/.m2/repository/org/springframework/spring-web/6.1.8/spring-web-6.1.8.jar:/home/vjr14/.m2/repository/org/springframework/spring-beans/6.1.8/spring-beans-6.1.8.jar:/home/vjr14/.m2/repository/io/micrometer/micrometer-observation/1.13.0/micrometer-observation-1.13.0.jar:/home/vjr14/.m2/repository/io/micrometer/micrometer-commons/1.13.0/micrometer-commons-1.13.0.jar:/home/vjr14/.m2/repository/org/springframework/spring-webmvc/6.1.8/spring-webmvc-6.1.8.jar:/home/vjr14/.m2/repository/org/springframework/spring-context/6.1.8/spring-context-6.1.8.jar:/home/vjr14/.m2/repository/org/springframework/spring-expression/6.1.8/spring-expression-6.1.8.jar:/home/vjr14/.m2/repository/org/thymeleaf/extras/thymeleaf-extras-springsecurity6/3.1.2.RELEASE/thymeleaf-extras-springsecurity6-3.1.2.RELEASE.jar:/home/vjr14/.m2/repository/org/thymeleaf/thymeleaf-spring6/3.1.2.RELEASE/thymeleaf-spring6-3.1.2.RELEASE.jar:/home/vjr14/.m2/repository/org/thymeleaf/thymeleaf/3.1.2.RELEASE/thymeleaf-3.1.2.RELEASE.jar:/home/vjr14/.m2/repository/org/attoparser/attoparser/2.0.7.RELEASE/attoparser-2.0.7.RELEASE.jar:/home/vjr14/.m2/repository/org/unbescape/unbescape/1.1.6.RELEASE/unbescape-1.1.6.RELEASE.jar:/home/vjr14/.m2/repository/org/slf4j/slf4j-api/2.0.13/slf4j-api-2.0.13.jar:/home/vjr14/.m2/repository/org/springframework/boot/spring-boot-starter-security/3.3.0/spring-boot-starter-security-3.3.0.jar:/home/vjr14/.m2/repository/org/springframework/spring-aop/6.1.8/spring-aop-6.1.8.jar:/home/vjr14/.m2/repository/org/springframework/security/spring-security-config/6.3.0/spring-security-config-6.3.0.jar:/home/vjr14/.m2/repository/org/springframework/security/spring-security-core/6.3.0/spring-security-core-6.3.0.jar:/home/vjr14/.m2/repository/org/springframework/security/spring-security-crypto/6.3.0/spring-security-crypto-6.3.0.jar:/home/vjr14/.m2/repository/org/springframework/security/spring-security-web/6.3.0/spring-security-web-6.3.0.jar:/home/vjr14/.m2/repository/org/springframework/boot/spring-boot-starter-data-jpa/3.3.0/spring-boot-starter-data-jpa-3.3.0.jar:/home/vjr14/.m2/repository/org/springframework/boot/spring-boot-starter-aop/3.3.0/spring-boot-starter-aop-3.3.0.jar:/home/vjr14/.m2/repository/org/aspectj/aspectjweaver/1.9.22/aspectjweaver-1.9.22.jar:/home/vjr14/.m2/repository/org/springframework/boot/spring-boot-starter-jdbc/3.3.0/spring-boot-starter-jdbc-3.3.0.jar:/home/vjr14/.m2/repository/com/zaxxer/HikariCP/5.1.0/HikariCP-5.1.0.jar:/home/vjr14/.m2/repository/org/springframework/spring-jdbc/6.1.8/spring-jdbc-6.1.8.jar:/home/vjr14/.m2/repository/org/hibernate/orm/hibernate-core/6.5.2.Final/hibernate-core-6.5.2.Final.jar:/home/vjr14/.m2/repository/jakarta/persistence/jakarta.persistence-api/3.1.0/jakarta.persistence-api-3.1.0.jar:/home/vjr14/.m2/repository/jakarta/transaction/jakarta.transaction-api/2.0.1/jakarta.transaction-api-2.0.1.jar:/home/vjr14/.m2/repository/org/jboss/logging/jboss-logging/3.5.3.Final/jboss-logging-3.5.3.Final.jar:/home/vjr14/.m2/repository/org/hibernate/common/hibernate-commons-annotations/6.0.6.Final/hibernate-commons-annotations-6.0.6.Final.jar:/home/vjr14/.m2/repository/io/smallrye/jandex/3.1.2/jandex-3.1.2.jar:/home/vjr14/.m2/repository/com/fasterxml/classmate/1.7.0/classmate-1.7.0.jar:/home/vjr14/.m2/repository/net/bytebuddy/byte-buddy/1.14.16/byte-buddy-1.14.16.jar:/home/vjr14/.m2/repository/org/glassfish/jaxb/jaxb-runtime/4.0.5/jaxb-runtime-4.0.5.jar:/home/vjr14/.m2/repository/org/glassfish/jaxb/jaxb-core/4.0.5/jaxb-core-4.0.5.jar:/home/vjr14/.m2/repository/org/eclipse/angus/angus-activation/2.0.2/angus-activation-2.0.2.jar:/home/vjr14/.m2/repository/org/glassfish/jaxb/txw2/4.0.5/txw2-4.0.5.jar:/home/vjr14/.m2/repository/com/sun/istack/istack-commons-runtime/4.1.2/istack-commons-runtime-4.1.2.jar:/home/vjr14/.m2/repository/jakarta/inject/jakarta.inject-api/2.0.1/jakarta.inject-api-2.0.1.jar:/home/vjr14/.m2/repository/org/antlr/antlr4-runtime/4.13.0/antlr4-runtime-4.13.0.jar:/home/vjr14/.m2/repository/org/springframework/data/spring-data-jpa/3.3.0/spring-data-jpa-3.3.0.jar:/home/vjr14/.m2/repository/org/springframework/data/spring-data-commons/3.3.0/spring-data-commons-3.3.0.jar:/home/vjr14/.m2/repository/org/springframework/spring-orm/6.1.8/spring-orm-6.1.8.jar:/home/vjr14/.m2/repository/org/springframework/spring-tx/6.1.8/spring-tx-6.1.8.jar:/home/vjr14/.m2/repository/org/springframework/spring-aspects/6.1.8/spring-aspects-6.1.8.jar:/home/vjr14/.m2/repository/org/postgresql/postgresql/42.7.3/postgresql-42.7.3.jar:/home/vjr14/.m2/repository/org/checkerframework/checker-qual/3.42.0/checker-qual-3.42.0.jar:/home/vjr14/.m2/repository/org/projectlombok/lombok/1.18.34/lombok-1.18.34.jar:/home/vjr14/.m2/repository/org/springframework/boot/spring-boot-starter-test/3.3.0/spring-boot-starter-test-3.3.0.jar:/home/vjr14/.m2/repository/org/springframework/boot/spring-boot-test/3.3.0/spring-boot-test-3.3.0.jar:/home/vjr14/.m2/repository/org/springframework/boot/spring-boot-test-autoconfigure/3.3.0/spring-boot-test-autoconfigure-3.3.0.jar:/home/vjr14/.m2/repository/com/jayway/jsonpath/json-path/2.9.0/json-path-2.9.0.jar:/home/vjr14/.m2/repository/jakarta/xml/bind/jakarta.xml.bind-api/4.0.2/jakarta.xml.bind-api-4.0.2.jar:/home/vjr14/.m2/repository/jakarta/activation/jakarta.activation-api/2.1.3/jakarta.activation-api-2.1.3.jar:/home/vjr14/.m2/repository/net/minidev/json-smart/2.5.1/json-smart-2.5.1.jar:/home/vjr14/.m2/repository/net/minidev/accessors-smart/2.5.1/accessors-smart-2.5.1.jar:/home/vjr14/.m2/repository/org/ow2/asm/asm/9.6/asm-9.6.jar:/home/vjr14/.m2/repository/org/assertj/assertj-core/3.25.3/assertj-core-3.25.3.jar:/home/vjr14/.m2/repository/org/awaitility/awaitility/4.2.1/awaitility-4.2.1.jar:/home/vjr14/.m2/repository/org/hamcrest/hamcrest/2.2/hamcrest-2.2.jar:/home/vjr14/.m2/repository/org/junit/jupiter/junit-jupiter/5.10.2/junit-jupiter-5.10.2.jar:/home/vjr14/.m2/repository/org/junit/jupiter/junit-jupiter-api/5.10.2/junit-jupiter-api-5.10.2.jar:/home/vjr14/.m2/repository/org/opentest4j/opentest4j/1.3.0/opentest4j-1.3.0.jar:/home/vjr14/.m2/repository/org/junit/platform/junit-platform-commons/1.10.2/junit-platform-commons-1.10.2.jar:/home/vjr14/.m2/repository/org/apiguardian/apiguardian-api/1.1.2/apiguardian-api-1.1.2.jar:/home/vjr14/.m2/repository/org/junit/jupiter/junit-jupiter-params/5.10.2/junit-jupiter-params-5.10.2.jar:/home/vjr14/.m2/repository/org/junit/jupiter/junit-jupiter-engine/5.10.2/junit-jupiter-engine-5.10.2.jar:/home/vjr14/.m2/repository/org/junit/platform/junit-platform-engine/1.10.2/junit-platform-engine-1.10.2.jar:/home/vjr14/.m2/repository/org/mockito/mockito-core/5.11.0/mockito-core-5.11.0.jar:/home/vjr14/.m2/repository/net/bytebuddy/byte-buddy-agent/1.14.16/byte-buddy-agent-1.14.16.jar:/home/vjr14/.m2/repository/org/objenesis/objenesis/3.3/objenesis-3.3.jar:/home/vjr14/.m2/repository/org/mockito/mockito-junit-jupiter/5.11.0/mockito-junit-jupiter-5.11.0.jar:/home/vjr14/.m2/repository/org/skyscreamer/jsonassert/1.5.1/jsonassert-1.5.1.jar:/home/vjr14/.m2/repository/com/vaadin/external/google/android-json/0.0.20131108.vaadin1/android-json-0.0.20131108.vaadin1.jar:/home/vjr14/.m2/repository/org/springframework/spring-core/6.1.8/spring-core-6.1.8.jar:/home/vjr14/.m2/repository/org/springframework/spring-jcl/6.1.8/spring-jcl-6.1.8.jar:/home/vjr14/.m2/repository/org/springframework/spring-test/6.1.8/spring-test-6.1.8.jar:/home/vjr14/.m2/repository/org/xmlunit/xmlunit-core/2.9.1/xmlunit-core-2.9.1.jar:/home/vjr14/.m2/repository/org/springframework/boot/spring-boot-starter-thymeleaf/3.3.0/spring-boot-starter-thymeleaf-3.3.0.jar:"/>
    <property name="sun.cpu.endian" value="little"/>
    <property name="user.home" value="/home/vjr14"/>
    <property name="user.language" value="en"/>
    <property name="java.specification.vendor" value="Oracle Corporation"/>
    <property name="java.version.date" value="2025-07-15"/>
    <property name="java.home" value="/usr/lib/jvm/java-17-openjdk-amd64"/>
    <property name="file.separator" value="/"/>
    <property name="basedir" value="/home/vjr14/VSCODE/SistemaAcademia"/>
    <property name="java.vm.compressedOopsMode" value="32-bit"/>
    <property name="line.separator" value="&#10;"/>
    <property name="java.specification.name" value="Java Platform API Specification"/>
    <property name="java.vm.specification.vendor" value="Oracle Corporation"/>
    <property name="FILE_LOG_CHARSET" value="UTF-8"/>
    <property name="java.awt.headless" value="true"/>
    <property name="surefire.real.class.path" value="/home/vjr14/VSCODE/SistemaAcademia/target/surefire/surefirebooter-20250915235319938_3.jar"/>
    <property name="sun.management.compiler" value="HotSpot 64-Bit Tiered Compilers"/>
    <property name="java.runtime.version" value="17.0.16+8-Ubuntu-0ubuntu124.04.1"/>
    <property name="user.name" value="vjr14"/>
    <property name="path.separator" value=":"/>
    <property name="os.version" value="6.6.87.2-microsoft-standard-WSL2"/>
    <property name="java.runtime.name" value="OpenJDK Runtime Environment"/>
    <property name="file.encoding" value="UTF-8"/>
    <property name="java.vm.name" value="OpenJDK 64-Bit Server VM"/>
    <property name="localRepository" value="/home/vjr14/.m2/repository"/>
    <property name="java.vendor.url.bug" value="https://bugs.launchpad.net/ubuntu/+source/openjdk-17"/>
    <property name="java.io.tmpdir" value="/tmp"/>
    <property name="com.zaxxer.hikari.pool_number" value="1"/>
    <property name="java.version" value="17.0.16"/>
    <property name="user.dir" value="/home/vjr14/VSCODE/SistemaAcademia"/>
    <property name="os.arch" value="amd64"/>
    <property name="java.vm.specification.name" value="Java Virtual Machine Specification"/>
    <property name="PID" value="167453"/>
    <property name="CONSOLE_LOG_CHARSET" value="UTF-8"/>
    <property name="native.encoding" value="UTF-8"/>
    <property name="java.library.path" value="/usr/java/packages/lib:/usr/lib/x86_64-linux-gnu/jni:/lib/x86_64-linux-gnu:/usr/lib/x86_64-linux-gnu:/usr/lib/jni:/lib:/usr/lib"/>
    <property name="java.vm.info" value="mixed mode, sharing"/>
    <property name="java.vendor" value="Ubuntu"/>
    <property name="java.vm.version" value="17.0.16+8-Ubuntu-0ubuntu124.04.1"/>
    <property name="java.specification.maintenance.version" value="1"/>
    <property name="sun.io.unicode.encoding" value="UnicodeLittle"/>
    <property name="java.class.version" value="61.0"/>
  </properties>
  <testcase name="testCriarEListarAvaliacaoFisica" classname="br.com.sysacademia.SistemaAcademiaTest" time="0.879">
    <system-out><![CDATA[23:53:20.719 [main] INFO org.springframework.test.context.support.AnnotationConfigContextLoaderUtils -- Could not detect default configuration classes for test class [br.com.sysacademia.SistemaAcademiaTest]: SistemaAcademiaTest does not declare any static, non-private, non-final, nested classes annotated with @Configuration.
23:53:20.799 [main] INFO org.springframework.boot.test.context.SpringBootTestContextBootstrapper -- Found @SpringBootConfiguration br.com.sysacademia.AcademiaApplication for test class br.com.sysacademia.SistemaAcademiaTest
  .   ____          _            __ _ _
 /\\ / ___'_ __ _ _(_)_ __  __ _ \ \ \ \
( ( )\___ | '_ | '_| | '_ \/ _` | \ \ \ \
 \\/  ___)| |_)| | | | | || (_| |  ) ) ) )
  '  |____| .__|_| |_|_| |_\__, | / / / /
 =========|_|==============|___/=/_/_/_/

 :: Spring Boot ::                (v3.3.0)

2025-09-15T23:53:21.199-03:00  INFO 167453 --- [           main] br.com.sysacademia.SistemaAcademiaTest   : Starting SistemaAcademiaTest using Java 17.0.16 with PID 167453 (started by vjr14 in /home/vjr14/VSCODE/SistemaAcademia)
2025-09-15T23:53:21.200-03:00  INFO 167453 --- [           main] br.com.sysacademia.SistemaAcademiaTest   : No active profile set, falling back to 1 default profile: "default"
2025-09-15T23:53:22.001-03:00  INFO 167453 --- [           main] .s.d.r.c.RepositoryConfigurationDelegate : Bootstrapping Spring Data JPA repositories in DEFAULT mode.
2025-09-15T23:53:22.337-03:00  INFO 167453 --- [           main] .s.d.r.c.RepositoryConfigurationDelegate : Finished Spring Data repository scanning in 323 ms. Found 7 JPA repository interfaces.
2025-09-15T23:53:23.168-03:00  INFO 167453 --- [           main] o.hibernate.jpa.internal.util.LogHelper  : HHH000204: Processing PersistenceUnitInfo [name: default]
2025-09-15T23:53:23.253-03:00  INFO 167453 --- [           main] org.hibernate.Version                    : HHH000412: Hibernate ORM core version 6.5.2.Final
2025-09-15T23:53:23.317-03:00  INFO 167453 --- [           main] o.h.c.internal.RegionFactoryInitiator    : HHH000026: Second-level cache disabled
2025-09-15T23:53:23.854-03:00  INFO 167453 --- [           main] o.s.o.j.p.SpringPersistenceUnitInfo      : No LoadTimeWeaver setup: ignoring JPA class transformer
2025-09-15T23:53:23.910-03:00  INFO 167453 --- [           main] com.zaxxer.hikari.HikariDataSource       : HikariPool-1 - Starting...
2025-09-15T23:53:24.395-03:00  INFO 167453 --- [           main] com.zaxxer.hikari.pool.HikariPool        : HikariPool-1 - Added connection org.postgresql.jdbc.PgConnection@1640f20f
2025-09-15T23:53:24.397-03:00  INFO 167453 --- [           main] com.zaxxer.hikari.HikariDataSource       : HikariPool-1 - Start completed.
2025-09-15T23:53:24.436-03:00  WARN 167453 --- [           main] org.hibernate.orm.deprecation            : HHH90000025: PostgreSQLDialect does not need to be specified explicitly using 'hibernate.dialect' (remove the property setting and it will be selected by default)
2025-09-15T23:53:26.439-03:00  INFO 167453 --- [           main] o.h.e.t.j.p.i.JtaPlatformInitiator       : HHH000489: No JTA platform available (set 'hibernate.transaction.jta.platform' to enable JTA platform integration)
2025-09-15T23:53:26.835-03:00  INFO 167453 --- [           main] j.LocalContainerEntityManagerFactoryBean : Initialized JPA EntityManagerFactory for persistence unit 'default'
2025-09-15T23:53:27.474-03:00  WARN 167453 --- [           main] JpaBaseConfiguration$JpaWebConfiguration : spring.jpa.open-in-view is enabled by default. Therefore, database queries may be performed during view rendering. Explicitly configure spring.jpa.open-in-view to disable this warning
2025-09-15T23:53:27.495-03:00  INFO 167453 --- [           main] r$InitializeUserDetailsManagerConfigurer : Global AuthenticationManager configured with UserDetailsService bean with name customUserDetailsService
2025-09-15T23:53:27.804-03:00  INFO 167453 --- [           main] o.s.s.web.DefaultSecurityFilterChain     : Will secure any request with [org.springframework.security.web.session.DisableEncodeUrlFilter@5a3d52a0, org.springframework.security.web.context.request.async.WebAsyncManagerIntegrationFilter@7a0f1f9d, org.springframework.security.web.context.SecurityContextHolderFilter@7e305953, org.springframework.security.web.header.HeaderWriterFilter@69d9d322, org.springframework.web.filter.CorsFilter@18356d9e, org.springframework.security.web.csrf.CsrfFilter@25814d3c, org.springframework.security.web.authentication.logout.LogoutFilter@7d31fb6c, org.springframework.security.web.authentication.UsernamePasswordAuthenticationFilter@2fb24ad8, org.springframework.security.web.savedrequest.RequestCacheAwareFilter@94b5fe3, org.springframework.security.web.servletapi.SecurityContextHolderAwareRequestFilter@3811464b, org.springframework.security.web.authentication.AnonymousAuthenticationFilter@5e97da56, org.springframework.security.web.access.ExceptionTranslationFilter@5a0b550a, org.springframework.security.web.access.intercept.AuthorizationFilter@72e9f0f7]
2025-09-15T23:53:28.159-03:00  INFO 167453 --- [           main] br.com.sysacademia.SistemaAcademiaTest   : Started SistemaAcademiaTest in 7.2 seconds (process running for 8.152)
Hibernate: select e1_0.id,e1_0.nome from exercicios e1_0
Exercícios já cadastrados. Carga inicial ignorada.
Verificando e cadastrando planos de matrícula...
Hibernate: select count(*) from plano p1_0
Planos de matrícula já existem. Carga inicial ignorada.
Salvando aluno: Pedro
Hibernate: insert into alunos (cpf,email,instrutor_id,matricula,nome,plano_id,senha) values (?,?,?,?,?,?,?) returning id
Hibernate: insert into avaliacoes_fisicas (altura,aluno_id,data,imc,percentual_gordura,peso) values (?,?,?,?,?,?) returning id
]]></system-out>
  </testcase>
  <testcase name="testSalvarEPesquisarPlano" classname="br.com.sysacademia.SistemaAcademiaTest" time="0.019">
    <system-out><![CDATA[Hibernate: insert into plano (duracao_meses,nome_plano,valor) values (?,?,?) returning id
]]></system-out>
  </testcase>
  <testcase name="testCriacaoESalvarAluno" classname="br.com.sysacademia.SistemaAcademiaTest" time="0.094">
    <system-out><![CDATA[Hibernate: insert into plano (duracao_meses,nome_plano,valor) values (?,?,?) returning id
Salvando aluno: Joao da Silva
Hibernate: insert into alunos (cpf,email,instrutor_id,matricula,nome,plano_id,senha) values (?,?,?,?,?,?,?) returning id
]]></system-out>
  </testcase>
  <testcase name="testBuscarAlunoPorMatricula" classname="br.com.sysacademia.SistemaAcademiaTest" time="0.144">
    <system-out><![CDATA[Hibernate: insert into plano (duracao_meses,nome_plano,valor) values (?,?,?) returning id
Salvando aluno: Maria Oliveira
Hibernate: insert into alunos (cpf,email,instrutor_id,matricula,nome,plano_id,senha) values (?,?,?,?,?,?,?) returning id
Busca de aluno pela matrícula:M002
Hibernate: select a1_0.id,a1_0.cpf,a1_0.email,a1_0.instrutor_id,a1_0.matricula,a1_0.nome,a1_0.plano_id,a1_0.senha from alunos a1_0 where a1_0.matricula=?
]]></system-out>
  </testcase>
  <testcase name="testCriarEListarInstrutor" classname="br.com.sysacademia.SistemaAcademiaTest" time="0.115">
    <failure message="expected: &lt;1&gt; but was: &lt;2&gt;" type="org.opentest4j.AssertionFailedError"><![CDATA[org.opentest4j.AssertionFailedError: expected: <1> but was: <2>
	at org.junit.jupiter.api.AssertionFailureBuilder.build(AssertionFailureBuilder.java:151)
	at org.junit.jupiter.api.AssertionFailureBuilder.buildAndThrow(AssertionFailureBuilder.java:132)
	at org.junit.jupiter.api.AssertEquals.failNotEqual(AssertEquals.java:197)
	at org.junit.jupiter.api.AssertEquals.assertEquals(AssertEquals.java:150)
	at org.junit.jupiter.api.AssertEquals.assertEquals(AssertEquals.java:145)
	at org.junit.jupiter.api.Assertions.assertEquals(Assertions.java:531)
	at br.com.sysacademia.SistemaAcademiaTest.testCriarEListarInstrutor(SistemaAcademiaTest.java:88)
	at java.base/java.lang.reflect.Method.invoke(Method.java:569)
	at java.base/java.util.ArrayList.forEach(ArrayList.java:1511)
	at java.base/java.util.ArrayList.forEach(ArrayList.java:1511)
]]></failure>
    <system-out><![CDATA[Hibernate: insert into instrutores (email,especialidade,nome,senha) values (?,?,?,?) returning id
Hibernate: select i1_0.id,i1_0.email,i1_0.especialidade,i1_0.nome,i1_0.senha from instrutores i1_0
]]></system-out>
  </testcase>
  <testcase name="testDeletarPlano" classname="br.com.sysacademia.SistemaAcademiaTest" time="0.012">
    <system-out><![CDATA[Hibernate: insert into plano (duracao_meses,nome_plano,valor) values (?,?,?) returning id
]]></system-out>
  </testcase>
  <testcase name="testListarTodosAlunos" classname="br.com.sysacademia.SistemaAcademiaTest" time="0.193">
    <system-out><![CDATA[Hibernate: insert into plano (duracao_meses,nome_plano,valor) values (?,?,?) returning id
Salvando aluno: Carlos Pereira
Hibernate: insert into alunos (cpf,email,instrutor_id,matricula,nome,plano_id,senha) values (?,?,?,?,?,?,?) returning id
Salvando aluno: Ana Souza
Hibernate: insert into alunos (cpf,email,instrutor_id,matricula,nome,plano_id,senha) values (?,?,?,?,?,?,?) returning id
Lista de todos os alunos:
Hibernate: select a1_0.id,a1_0.cpf,a1_0.email,a1_0.instrutor_id,a1_0.matricula,a1_0.nome,a1_0.plano_id,a1_0.senha from alunos a1_0
]]></system-out>
  </testcase>
</testsuite>